<?xml version="1.0" encoding="UTF-8"?>
<testsuite name="ru.netology.service.CashbackHackServiceTest" tests="2" skipped="0" failures="0" errors="0" timestamp="2023-09-20T11:33:32" hostname="DESKTOP-MBK3APQ" time="0.009">
  <properties/>
  <testcase name="calculateBoundaryIfLess1000" classname="ru.netology.service.CashbackHackServiceTest" time="0.007"/>
  <testcase name="calculateBoundaryIfMore1000" classname="ru.netology.service.CashbackHackServiceTest" time="0.0"/>
  <system-out><![CDATA[]]></system-out>
  <system-err><![CDATA[]]></system-err>
</testsuite>
